<?xml version="1.0" encoding="UTF-8"?>
<testsuite xmlns:xsi="http://www.w3.org/2001/XMLSchema-instance" xsi:noNamespaceSchemaLocation="https://maven.apache.org/surefire/maven-surefire-plugin/xsd/surefire-test-report-3.0.xsd" version="3.0" name="api.test.UserTests" time="5.901" tests="5" errors="0" skipped="0" failures="0">
  <properties>
    <property name="java.specification.version" value="21"/>
    <property name="sun.cpu.isalist" value="amd64"/>
    <property name="sun.jnu.encoding" value="Cp1252"/>
    <property name="java.class.path" value="C:\RestAssured\APIBootcampTestng\target\test-classes;C:\RestAssured\APIBootcampTestng\target\classes;C:\Users\dimpl\.m2\repository\io\rest-assured\rest-assured\5.4.0\rest-assured-5.4.0.jar;C:\Users\dimpl\.m2\repository\org\apache\groovy\groovy\4.0.16\groovy-4.0.16.jar;C:\Users\dimpl\.m2\repository\org\apache\groovy\groovy-xml\4.0.16\groovy-xml-4.0.16.jar;C:\Users\dimpl\.m2\repository\org\apache\httpcomponents\httpclient\4.5.13\httpclient-4.5.13.jar;C:\Users\dimpl\.m2\repository\org\apache\httpcomponents\httpcore\4.4.13\httpcore-4.4.13.jar;C:\Users\dimpl\.m2\repository\commons-logging\commons-logging\1.2\commons-logging-1.2.jar;C:\Users\dimpl\.m2\repository\commons-codec\commons-codec\1.11\commons-codec-1.11.jar;C:\Users\dimpl\.m2\repository\org\apache\httpcomponents\httpmime\4.5.13\httpmime-4.5.13.jar;C:\Users\dimpl\.m2\repository\org\ccil\cowan\tagsoup\tagsoup\1.2.1\tagsoup-1.2.1.jar;C:\Users\dimpl\.m2\repository\io\rest-assured\json-path\5.4.0\json-path-5.4.0.jar;C:\Users\dimpl\.m2\repository\org\apache\groovy\groovy-json\4.0.16\groovy-json-4.0.16.jar;C:\Users\dimpl\.m2\repository\io\rest-assured\rest-assured-common\5.4.0\rest-assured-common-5.4.0.jar;C:\Users\dimpl\.m2\repository\io\rest-assured\xml-path\5.4.0\xml-path-5.4.0.jar;C:\Users\dimpl\.m2\repository\org\apache\commons\commons-lang3\3.11\commons-lang3-3.11.jar;C:\Users\dimpl\.m2\repository\org\testng\testng\7.10.2\testng-7.10.2.jar;C:\Users\dimpl\.m2\repository\org\slf4j\slf4j-api\1.7.36\slf4j-api-1.7.36.jar;C:\Users\dimpl\.m2\repository\com\beust\jcommander\1.82\jcommander-1.82.jar;C:\Users\dimpl\.m2\repository\org\webjars\jquery\3.7.1\jquery-3.7.1.jar;C:\Users\dimpl\.m2\repository\org\hamcrest\hamcrest\2.2\hamcrest-2.2.jar;C:\Users\dimpl\.m2\repository\com\fasterxml\jackson\core\jackson-databind\2.9.6\jackson-databind-2.9.6.jar;C:\Users\dimpl\.m2\repository\com\fasterxml\jackson\core\jackson-annotations\2.9.0\jackson-annotations-2.9.0.jar;C:\Users\dimpl\.m2\repository\com\fasterxml\jackson\core\jackson-core\2.9.6\jackson-core-2.9.6.jar;C:\Users\dimpl\.m2\repository\org\json\json\20240303\json-20240303.jar;C:\Users\dimpl\.m2\repository\io\rest-assured\json-schema-validator\5.4.0\json-schema-validator-5.4.0.jar;C:\Users\dimpl\.m2\repository\com\github\java-json-tools\json-schema-validator\2.2.14\json-schema-validator-2.2.14.jar;C:\Users\dimpl\.m2\repository\com\github\java-json-tools\jackson-coreutils-equivalence\1.0\jackson-coreutils-equivalence-1.0.jar;C:\Users\dimpl\.m2\repository\com\github\java-json-tools\jackson-coreutils\2.0\jackson-coreutils-2.0.jar;C:\Users\dimpl\.m2\repository\com\github\java-json-tools\msg-simple\1.2\msg-simple-1.2.jar;C:\Users\dimpl\.m2\repository\com\github\java-json-tools\btf\1.3\btf-1.3.jar;C:\Users\dimpl\.m2\repository\com\github\java-json-tools\json-schema-core\1.2.14\json-schema-core-1.2.14.jar;C:\Users\dimpl\.m2\repository\com\github\java-json-tools\uri-template\0.10\uri-template-0.10.jar;C:\Users\dimpl\.m2\repository\org\mozilla\rhino\1.7.7.2\rhino-1.7.7.2.jar;C:\Users\dimpl\.m2\repository\com\sun\mail\mailapi\1.6.2\mailapi-1.6.2.jar;C:\Users\dimpl\.m2\repository\joda-time\joda-time\2.10.5\joda-time-2.10.5.jar;C:\Users\dimpl\.m2\repository\com\googlecode\libphonenumber\libphonenumber\8.11.1\libphonenumber-8.11.1.jar;C:\Users\dimpl\.m2\repository\com\google\code\findbugs\jsr305\3.0.2\jsr305-3.0.2.jar;C:\Users\dimpl\.m2\repository\net\sf\jopt-simple\jopt-simple\5.0.4\jopt-simple-5.0.4.jar;C:\Users\dimpl\.m2\repository\com\google\guava\guava\32.0.1-jre\guava-32.0.1-jre.jar;C:\Users\dimpl\.m2\repository\com\google\guava\failureaccess\1.0.1\failureaccess-1.0.1.jar;C:\Users\dimpl\.m2\repository\com\google\guava\listenablefuture\9999.0-empty-to-avoid-conflict-with-guava\listenablefuture-9999.0-empty-to-avoid-conflict-with-guava.jar;C:\Users\dimpl\.m2\repository\org\checkerframework\checker-qual\3.33.0\checker-qual-3.33.0.jar;C:\Users\dimpl\.m2\repository\com\google\errorprone\error_prone_annotations\2.18.0\error_prone_annotations-2.18.0.jar;C:\Users\dimpl\.m2\repository\com\google\j2objc\j2objc-annotations\2.8\j2objc-annotations-2.8.jar;C:\Users\dimpl\.m2\repository\com\aventstack\extentreports\5.1.1\extentreports-5.1.1.jar;C:\Users\dimpl\.m2\repository\io\reactivex\rxjava3\rxjava\3.1.6\rxjava-3.1.6.jar;C:\Users\dimpl\.m2\repository\org\reactivestreams\reactive-streams\1.0.4\reactive-streams-1.0.4.jar;C:\Users\dimpl\.m2\repository\org\freemarker\freemarker\2.3.32\freemarker-2.3.32.jar;C:\Users\dimpl\.m2\repository\org\projectlombok\lombok\1.18.26\lombok-1.18.26.jar;C:\Users\dimpl\.m2\repository\com\google\code\gson\gson\2.10.1\gson-2.10.1.jar;C:\Users\dimpl\.m2\repository\org\apache\logging\log4j\log4j-api\2.23.1\log4j-api-2.23.1.jar;C:\Users\dimpl\.m2\repository\org\apache\logging\log4j\log4j-core\2.23.1\log4j-core-2.23.1.jar;"/>
    <property name="java.vm.vendor" value="Oracle Corporation"/>
    <property name="sun.arch.data.model" value="64"/>
    <property name="user.variant" value=""/>
    <property name="java.vendor.url" value="https://java.oracle.com/"/>
    <property name="user.timezone" value="America/New_York"/>
    <property name="os.name" value="Windows 11"/>
    <property name="java.vm.specification.version" value="21"/>
    <property name="sun.java.launcher" value="SUN_STANDARD"/>
    <property name="user.country" value="IN"/>
    <property name="sun.boot.library.path" value="C:\Program Files\Java\jdk-21\bin"/>
    <property name="sun.java.command" value="C:\Users\dimpl\AppData\Local\Temp\surefire14394246753460553502\surefirebooter-20240522145610991_3.jar C:\Users\dimpl\AppData\Local\Temp\surefire14394246753460553502 2024-05-22T14-56-10_772-jvmRun1 surefire-20240522145610991_1tmp surefire_0-20240522145610991_2tmp"/>
    <property name="jdk.debug" value="release"/>
    <property name="surefire.test.class.path" value="C:\RestAssured\APIBootcampTestng\target\test-classes;C:\RestAssured\APIBootcampTestng\target\classes;C:\Users\dimpl\.m2\repository\io\rest-assured\rest-assured\5.4.0\rest-assured-5.4.0.jar;C:\Users\dimpl\.m2\repository\org\apache\groovy\groovy\4.0.16\groovy-4.0.16.jar;C:\Users\dimpl\.m2\repository\org\apache\groovy\groovy-xml\4.0.16\groovy-xml-4.0.16.jar;C:\Users\dimpl\.m2\repository\org\apache\httpcomponents\httpclient\4.5.13\httpclient-4.5.13.jar;C:\Users\dimpl\.m2\repository\org\apache\httpcomponents\httpcore\4.4.13\httpcore-4.4.13.jar;C:\Users\dimpl\.m2\repository\commons-logging\commons-logging\1.2\commons-logging-1.2.jar;C:\Users\dimpl\.m2\repository\commons-codec\commons-codec\1.11\commons-codec-1.11.jar;C:\Users\dimpl\.m2\repository\org\apache\httpcomponents\httpmime\4.5.13\httpmime-4.5.13.jar;C:\Users\dimpl\.m2\repository\org\ccil\cowan\tagsoup\tagsoup\1.2.1\tagsoup-1.2.1.jar;C:\Users\dimpl\.m2\repository\io\rest-assured\json-path\5.4.0\json-path-5.4.0.jar;C:\Users\dimpl\.m2\repository\org\apache\groovy\groovy-json\4.0.16\groovy-json-4.0.16.jar;C:\Users\dimpl\.m2\repository\io\rest-assured\rest-assured-common\5.4.0\rest-assured-common-5.4.0.jar;C:\Users\dimpl\.m2\repository\io\rest-assured\xml-path\5.4.0\xml-path-5.4.0.jar;C:\Users\dimpl\.m2\repository\org\apache\commons\commons-lang3\3.11\commons-lang3-3.11.jar;C:\Users\dimpl\.m2\repository\org\testng\testng\7.10.2\testng-7.10.2.jar;C:\Users\dimpl\.m2\repository\org\slf4j\slf4j-api\1.7.36\slf4j-api-1.7.36.jar;C:\Users\dimpl\.m2\repository\com\beust\jcommander\1.82\jcommander-1.82.jar;C:\Users\dimpl\.m2\repository\org\webjars\jquery\3.7.1\jquery-3.7.1.jar;C:\Users\dimpl\.m2\repository\org\hamcrest\hamcrest\2.2\hamcrest-2.2.jar;C:\Users\dimpl\.m2\repository\com\fasterxml\jackson\core\jackson-databind\2.9.6\jackson-databind-2.9.6.jar;C:\Users\dimpl\.m2\repository\com\fasterxml\jackson\core\jackson-annotations\2.9.0\jackson-annotations-2.9.0.jar;C:\Users\dimpl\.m2\repository\com\fasterxml\jackson\core\jackson-core\2.9.6\jackson-core-2.9.6.jar;C:\Users\dimpl\.m2\repository\org\json\json\20240303\json-20240303.jar;C:\Users\dimpl\.m2\repository\io\rest-assured\json-schema-validator\5.4.0\json-schema-validator-5.4.0.jar;C:\Users\dimpl\.m2\repository\com\github\java-json-tools\json-schema-validator\2.2.14\json-schema-validator-2.2.14.jar;C:\Users\dimpl\.m2\repository\com\github\java-json-tools\jackson-coreutils-equivalence\1.0\jackson-coreutils-equivalence-1.0.jar;C:\Users\dimpl\.m2\repository\com\github\java-json-tools\jackson-coreutils\2.0\jackson-coreutils-2.0.jar;C:\Users\dimpl\.m2\repository\com\github\java-json-tools\msg-simple\1.2\msg-simple-1.2.jar;C:\Users\dimpl\.m2\repository\com\github\java-json-tools\btf\1.3\btf-1.3.jar;C:\Users\dimpl\.m2\repository\com\github\java-json-tools\json-schema-core\1.2.14\json-schema-core-1.2.14.jar;C:\Users\dimpl\.m2\repository\com\github\java-json-tools\uri-template\0.10\uri-template-0.10.jar;C:\Users\dimpl\.m2\repository\org\mozilla\rhino\1.7.7.2\rhino-1.7.7.2.jar;C:\Users\dimpl\.m2\repository\com\sun\mail\mailapi\1.6.2\mailapi-1.6.2.jar;C:\Users\dimpl\.m2\repository\joda-time\joda-time\2.10.5\joda-time-2.10.5.jar;C:\Users\dimpl\.m2\repository\com\googlecode\libphonenumber\libphonenumber\8.11.1\libphonenumber-8.11.1.jar;C:\Users\dimpl\.m2\repository\com\google\code\findbugs\jsr305\3.0.2\jsr305-3.0.2.jar;C:\Users\dimpl\.m2\repository\net\sf\jopt-simple\jopt-simple\5.0.4\jopt-simple-5.0.4.jar;C:\Users\dimpl\.m2\repository\com\google\guava\guava\32.0.1-jre\guava-32.0.1-jre.jar;C:\Users\dimpl\.m2\repository\com\google\guava\failureaccess\1.0.1\failureaccess-1.0.1.jar;C:\Users\dimpl\.m2\repository\com\google\guava\listenablefuture\9999.0-empty-to-avoid-conflict-with-guava\listenablefuture-9999.0-empty-to-avoid-conflict-with-guava.jar;C:\Users\dimpl\.m2\repository\org\checkerframework\checker-qual\3.33.0\checker-qual-3.33.0.jar;C:\Users\dimpl\.m2\repository\com\google\errorprone\error_prone_annotations\2.18.0\error_prone_annotations-2.18.0.jar;C:\Users\dimpl\.m2\repository\com\google\j2objc\j2objc-annotations\2.8\j2objc-annotations-2.8.jar;C:\Users\dimpl\.m2\repository\com\aventstack\extentreports\5.1.1\extentreports-5.1.1.jar;C:\Users\dimpl\.m2\repository\io\reactivex\rxjava3\rxjava\3.1.6\rxjava-3.1.6.jar;C:\Users\dimpl\.m2\repository\org\reactivestreams\reactive-streams\1.0.4\reactive-streams-1.0.4.jar;C:\Users\dimpl\.m2\repository\org\freemarker\freemarker\2.3.32\freemarker-2.3.32.jar;C:\Users\dimpl\.m2\repository\org\projectlombok\lombok\1.18.26\lombok-1.18.26.jar;C:\Users\dimpl\.m2\repository\com\google\code\gson\gson\2.10.1\gson-2.10.1.jar;C:\Users\dimpl\.m2\repository\org\apache\logging\log4j\log4j-api\2.23.1\log4j-api-2.23.1.jar;C:\Users\dimpl\.m2\repository\org\apache\logging\log4j\log4j-core\2.23.1\log4j-core-2.23.1.jar;"/>
    <property name="sun.cpu.endian" value="little"/>
    <property name="user.home" value="C:\Users\dimpl"/>
    <property name="user.language" value="en"/>
    <property name="java.specification.vendor" value="Oracle Corporation"/>
    <property name="java.version.date" value="2024-01-16"/>
    <property name="java.home" value="C:\Program Files\Java\jdk-21"/>
    <property name="file.separator" value="\"/>
    <property name="basedir" value="C:\RestAssured\APIBootcampTestng"/>
    <property name="style.color" value="always"/>
    <property name="java.vm.compressedOopsMode" value="Zero based"/>
    <property name="line.separator" value="&#10;"/>
    <property name="java.vm.specification.vendor" value="Oracle Corporation"/>
    <property name="java.specification.name" value="Java Platform API Specification"/>
    <property name="surefire.real.class.path" value="C:\Users\dimpl\AppData\Local\Temp\surefire14394246753460553502\surefirebooter-20240522145610991_3.jar"/>
    <property name="user.script" value=""/>
    <property name="sun.management.compiler" value="HotSpot 64-Bit Tiered Compilers"/>
    <property name="java.runtime.version" value="21.0.2+13-LTS-58"/>
    <property name="user.name" value="dimpl"/>
    <property name="stdout.encoding" value="Cp1252"/>
    <property name="path.separator" value=";"/>
    <property name="os.version" value="10.0"/>
    <property name="java.runtime.name" value="Java(TM) SE Runtime Environment"/>
    <property name="file.encoding" value="UTF-8"/>
    <property name="java.vm.name" value="Java HotSpot(TM) 64-Bit Server VM"/>
    <property name="localRepository" value="C:\Users\dimpl\.m2\repository"/>
    <property name="java.vendor.url.bug" value="https://bugreport.java.com/bugreport/"/>
    <property name="java.io.tmpdir" value="C:\Users\dimpl\AppData\Local\Temp\"/>
    <property name="java.version" value="21.0.2"/>
    <property name="user.dir" value="C:\RestAssured\APIBootcampTestng"/>
    <property name="os.arch" value="amd64"/>
    <property name="java.vm.specification.name" value="Java Virtual Machine Specification"/>
    <property name="sun.os.patch.level" value=""/>
    <property name="native.encoding" value="Cp1252"/>
    <property name="java.library.path" value="C:\Program Files\Java\jdk-21\bin;C:\WINDOWS\Sun\Java\bin;C:\WINDOWS\system32;C:\WINDOWS;C:\Program Files\Common Files\Oracle\Java\javapath;C:\WINDOWS\system32;C:\WINDOWS;C:\WINDOWS\System32\Wbem;C:\WINDOWS\System32\WindowsPowerShell\v1.0\;C:\WINDOWS\System32\OpenSSH\;C:\Program Files\Microsoft SQL Server\150\Tools\Binn\;C:\Program Files\dotnet\;C:\Program Files (x86)\Intel\Intel(R) Management Engine Components\DAL;C:\Program Files\Intel\Intel(R) Management Engine Components\DAL;C:\apache-maven-3.9.6-bin\apache-maven-3.9.6\bin;C:\Program Files\nodejs\;C:\Program Files\allure-2.28.0\bin;C:\Program Files\Git\cmd;C:\Program Files\Java\jdk-21\bin;C:\Users\dimpl\AppData\Local\Microsoft\WindowsApps;C:\Users\dimpl\.dotnet\tools;C:\Users\dimpl\AppData\Roaming\npm;."/>
    <property name="java.vm.info" value="mixed mode, sharing"/>
    <property name="stderr.encoding" value="Cp1252"/>
    <property name="java.vendor" value="Oracle Corporation"/>
    <property name="java.vm.version" value="21.0.2+13-LTS-58"/>
    <property name="sun.io.unicode.encoding" value="UnicodeLittle"/>
    <property name="java.class.version" value="65.0"/>
  </properties>
  <testcase name="testCreateUserObject[org.testng.TestRunner@42e3ede4](1)" classname="api.test.UserTests" time="2.846">
    <system-out><![CDATA[Request method:	POST
Request URI:	https://userserviceapi-a54ceee3346a.herokuapp.com/uap/createusers
Proxy:			<none>
Request params:	<none>
Query params:	<none>
Form params:	<none>
Path params:	<none>
Headers:		Accept=*/*
				Content-Type=application/json
Cookies:		<none>
Multiparts:		<none>
Body:
{
    "user_first_name": "ganesha",
    "user_last_name": "Dandekar",
    "user_contact_number": 7114073890,
    "user_email_id": "ay1yk1@gmail.com",
    "userAddress": {
        "plotNumber": "307-A",
        "street": "Mason",
        "state": "PA",
        "country": "USA",
        "zipCode": 12345
    }
}
MYYY CODEEEEUU{"userAddress":{"addressId":8398,"plotNumber":"307-A","street":"Mason","state":"PA","country":"USA","zipCode":12345},"user_id":8397,"user_first_name":"ganesha","user_last_name":"Dandekar","user_contact_number":7114073890,"user_email_id":"ay1yk1@gmail.com","creation_time":"2024-05-22T18:56:51.149+00:00","last_mod_time":"2024-05-22T18:56:51.149+00:00"}
HTTP/1.1 201 
Server: Cowboy
Report-To: {"group":"heroku-nel","max_age":3600,"endpoints":[{"url":"https://nel.heroku.com/reports?ts=1716404210&sid=e11707d5-02a7-43ef-b45e-2cf4d2036f7d&s=xtqkt4D64riKfsMkeA6VbxvuOnO4sZPhGwyLBG3jVek%3D"}]}
Reporting-Endpoints: heroku-nel=https://nel.heroku.com/reports?ts=1716404210&sid=e11707d5-02a7-43ef-b45e-2cf4d2036f7d&s=xtqkt4D64riKfsMkeA6VbxvuOnO4sZPhGwyLBG3jVek%3D
Nel: {"report_to":"heroku-nel","max_age":3600,"success_fraction":0.005,"failure_fraction":0.05,"response_headers":["Via"]}
Connection: keep-alive
Set-Cookie: JSESSIONID=EB552A94881E87C54E6873ADF1826349; Path=/; Secure; HttpOnly
X-Content-Type-Options: nosniff
X-Xss-Protection: 1; mode=block
Cache-Control: no-cache, no-store, max-age=0, must-revalidate
Pragma: no-cache
Expires: 0
Strict-Transport-Security: max-age=31536000 ; includeSubDomains
X-Frame-Options: DENY
Content-Type: application/json
Transfer-Encoding: chunked
Date: Wed, 22 May 2024 18:56:50 GMT
Via: 1.1 vegur

{
    "userAddress": {
        "addressId": 8398,
        "plotNumber": "307-A",
        "street": "Mason",
        "state": "PA",
        "country": "USA",
        "zipCode": 12345
    },
    "user_id": 8397,
    "user_first_name": "ganesha",
    "user_last_name": "Dandekar",
    "user_contact_number": 7114073890,
    "user_email_id": "ay1yk1@gmail.com",
    "creation_time": "2024-05-22T18:56:51.149+00:00",
    "last_mod_time": "2024-05-22T18:56:51.149+00:00"
}
Response body:
{"userAddress":{"addressId":8398,"plotNumber":"307-A","street":"Mason","state":"PA","country":"USA","zipCode":12345},"user_id":8397,"user_first_name":"ganesha","user_last_name":"Dandekar","user_contact_number":7114073890,"user_email_id":"ay1yk1@gmail.com","creation_time":"2024-05-22T18:56:51.149+00:00","last_mod_time":"2024-05-22T18:56:51.149+00:00"}
]]></system-out>
    <system-err><![CDATA[SLF4J: Failed to load class "org.slf4j.impl.StaticLoggerBinder".
SLF4J: Defaulting to no-operation (NOP) logger implementation
SLF4J: See http://www.slf4j.org/codes.html#StaticLoggerBinder for further details.
]]></system-err>
  </testcase>
  <testcase name="testGetById[org.testng.TestRunner@42e3ede4](1)" classname="api.test.UserTests" time="0.496">
    <system-out><![CDATA[HTTP/1.1 200 
Server: Cowboy
Report-To: {"group":"heroku-nel","max_age":3600,"endpoints":[{"url":"https://nel.heroku.com/reports?ts=1716404212&sid=e11707d5-02a7-43ef-b45e-2cf4d2036f7d&s=3e6SsyvURf29Iq28%2Fh%2FOMGPY0ydK4tBEek72lwxMBvQ%3D"}]}
Reporting-Endpoints: heroku-nel=https://nel.heroku.com/reports?ts=1716404212&sid=e11707d5-02a7-43ef-b45e-2cf4d2036f7d&s=3e6SsyvURf29Iq28%2Fh%2FOMGPY0ydK4tBEek72lwxMBvQ%3D
Nel: {"report_to":"heroku-nel","max_age":3600,"success_fraction":0.005,"failure_fraction":0.05,"response_headers":["Via"]}
Connection: keep-alive
Set-Cookie: JSESSIONID=66A115F6D722EE70DEC5DB27B2EEACD8; Path=/; Secure; HttpOnly
X-Content-Type-Options: nosniff
X-Xss-Protection: 1; mode=block
Cache-Control: no-cache, no-store, max-age=0, must-revalidate
Pragma: no-cache
Expires: 0
Strict-Transport-Security: max-age=31536000 ; includeSubDomains
X-Frame-Options: DENY
Content-Type: application/json
Transfer-Encoding: chunked
Date: Wed, 22 May 2024 18:56:52 GMT
Via: 1.1 vegur

{
    "userAddress": {
        "addressId": 8398,
        "plotNumber": "307-A",
        "street": "Mason",
        "state": "PA",
        "country": "USA",
        "zipCode": 12345
    },
    "user_id": 8397,
    "user_first_name": "ganesha",
    "user_last_name": "Dandekar",
    "user_contact_number": 7114073890,
    "user_email_id": "ay1yk1@gmail.com",
    "creation_time": "2024-05-22T18:56:51.149+00:00",
    "last_mod_time": "2024-05-22T18:56:51.149+00:00"
}
]]></system-out>
  </testcase>
  <testcase name="testGetUserByUserName[org.testng.TestRunner@42e3ede4](1)" classname="api.test.UserTests" time="0.445">
    <system-out><![CDATA[HTTP/1.1 200 
Server: Cowboy
Report-To: {"group":"heroku-nel","max_age":3600,"endpoints":[{"url":"https://nel.heroku.com/reports?ts=1716404212&sid=e11707d5-02a7-43ef-b45e-2cf4d2036f7d&s=3e6SsyvURf29Iq28%2Fh%2FOMGPY0ydK4tBEek72lwxMBvQ%3D"}]}
Reporting-Endpoints: heroku-nel=https://nel.heroku.com/reports?ts=1716404212&sid=e11707d5-02a7-43ef-b45e-2cf4d2036f7d&s=3e6SsyvURf29Iq28%2Fh%2FOMGPY0ydK4tBEek72lwxMBvQ%3D
Nel: {"report_to":"heroku-nel","max_age":3600,"success_fraction":0.005,"failure_fraction":0.05,"response_headers":["Via"]}
Connection: keep-alive
Set-Cookie: JSESSIONID=601A7995701358E6342DF23091CD2A10; Path=/; Secure; HttpOnly
X-Content-Type-Options: nosniff
X-Xss-Protection: 1; mode=block
Cache-Control: no-cache, no-store, max-age=0, must-revalidate
Pragma: no-cache
Expires: 0
Strict-Transport-Security: max-age=31536000 ; includeSubDomains
X-Frame-Options: DENY
Content-Type: application/json
Transfer-Encoding: chunked
Date: Wed, 22 May 2024 18:56:52 GMT
Via: 1.1 vegur

[
    {
        "userAddress": {
            "addressId": 8398,
            "plotNumber": "307-A",
            "street": "Mason",
            "state": "PA",
            "country": "USA",
            "zipCode": 12345
        },
        "user_id": 8397,
        "user_first_name": "ganesha",
        "user_last_name": "Dandekar",
        "user_contact_number": 7114073890,
        "user_email_id": "ay1yk1@gmail.com",
        "creation_time": "2024-05-22T18:56:51.149+00:00",
        "last_mod_time": "2024-05-22T18:56:51.149+00:00"
    }
]
]]></system-out>
  </testcase>
  <testcase name="testUpdateUserObject[org.testng.TestRunner@42e3ede4](1)" classname="api.test.UserTests" time="0.533">
    <system-out><![CDATA[HTTP/1.1 200 
Server: Cowboy
Report-To: {"group":"heroku-nel","max_age":3600,"endpoints":[{"url":"https://nel.heroku.com/reports?ts=1716404212&sid=e11707d5-02a7-43ef-b45e-2cf4d2036f7d&s=3e6SsyvURf29Iq28%2Fh%2FOMGPY0ydK4tBEek72lwxMBvQ%3D"}]}
Reporting-Endpoints: heroku-nel=https://nel.heroku.com/reports?ts=1716404212&sid=e11707d5-02a7-43ef-b45e-2cf4d2036f7d&s=3e6SsyvURf29Iq28%2Fh%2FOMGPY0ydK4tBEek72lwxMBvQ%3D
Nel: {"report_to":"heroku-nel","max_age":3600,"success_fraction":0.005,"failure_fraction":0.05,"response_headers":["Via"]}
Connection: keep-alive
Set-Cookie: JSESSIONID=573BC299DCE97964C4AE93EEE8A2D6A5; Path=/; Secure; HttpOnly
X-Content-Type-Options: nosniff
X-Xss-Protection: 1; mode=block
Cache-Control: no-cache, no-store, max-age=0, must-revalidate
Pragma: no-cache
Expires: 0
Strict-Transport-Security: max-age=31536000 ; includeSubDomains
X-Frame-Options: DENY
Content-Type: application/json
Transfer-Encoding: chunked
Date: Wed, 22 May 2024 18:56:53 GMT
Via: 1.1 vegur

{
    "userAddress": {
        "addressId": 8398,
        "plotNumber": "307-A",
        "street": "Mason",
        "state": "PA",
        "country": "USA",
        "zipCode": 12345
    },
    "user_id": 8397,
    "user_first_name": "shiva",
    "user_last_name": "Dandekar",
    "user_contact_number": 9874073890,
    "user_email_id": "restassured@gmail.com",
    "creation_time": "2024-05-22T18:56:51.149+00:00",
    "last_mod_time": "2024-05-22T18:56:53.233+00:00"
}
]]></system-out>
  </testcase>
  <testcase name="testDeleteUserByIDObject[org.testng.TestRunner@42e3ede4](1)" classname="api.test.UserTests" time="0.441">
    <system-out><![CDATA[HTTP/1.1 200 
Server: Cowboy
Report-To: {"group":"heroku-nel","max_age":3600,"endpoints":[{"url":"https://nel.heroku.com/reports?ts=1716404213&sid=e11707d5-02a7-43ef-b45e-2cf4d2036f7d&s=nmC%2BbWDxYWHlZBZ6TiNDV7SOjPFRf78l1abwWEaLm%2BM%3D"}]}
Reporting-Endpoints: heroku-nel=https://nel.heroku.com/reports?ts=1716404213&sid=e11707d5-02a7-43ef-b45e-2cf4d2036f7d&s=nmC%2BbWDxYWHlZBZ6TiNDV7SOjPFRf78l1abwWEaLm%2BM%3D
Nel: {"report_to":"heroku-nel","max_age":3600,"success_fraction":0.005,"failure_fraction":0.05,"response_headers":["Via"]}
Connection: keep-alive
Set-Cookie: JSESSIONID=457DF2F3F7B6C2AA6EA5CCC9099B2FD0; Path=/; Secure; HttpOnly
X-Content-Type-Options: nosniff
X-Xss-Protection: 1; mode=block
Cache-Control: no-cache, no-store, max-age=0, must-revalidate
Pragma: no-cache
Expires: 0
Strict-Transport-Security: max-age=31536000 ; includeSubDomains
X-Frame-Options: DENY
Content-Type: application/json
Transfer-Encoding: chunked
Date: Wed, 22 May 2024 18:56:53 GMT
Via: 1.1 vegur

{
    "status": "Success",
    "message": "User is deleted successfully"
}
]]></system-out>
  </testcase>
</testsuite>