<?xml version="1.0" encoding="UTF-8"?>
<!-- Generated by org.testng.reporters.JUnitReportReporter -->
<testsuite hostname="Dimple-laptop" failures="0" tests="5" name="api.test.UserTests2" time="3.461" errors="0" timestamp="2024-05-28T11:21:35 GMT-04:00" skipped="0">
  <testcase classname="api.test.UserTests2" name="testCreateUserObject" time="1.647"/>
  <testcase classname="api.test.UserTests2" name="testGetById" time="0.440"/>
  <testcase classname="api.test.UserTests2" name="testGetUserByUserName" time="0.393"/>
  <testcase classname="api.test.UserTests2" name="testUpdateUserObject" time="0.554"/>
  <testcase classname="api.test.UserTests2" name="testDeleteUserByIDObject" time="0.427"/>
</testsuite> <!-- api.test.UserTests2 -->
