<?xml version="1.0" encoding="UTF-8"?>
<!-- Generated by org.testng.reporters.JUnitReportReporter -->
<testsuite hostname="Dimple-laptop" failures="0" tests="4" name="api.test.Authentication" time="5.514" errors="0" timestamp="2024-05-28T11:21:35 GMT-04:00" skipped="0">
  <testcase classname="api.test.Authentication" name="testBasicAuthentication" time="1.852"/>
  <testcase classname="api.test.Authentication" name="testDigestAuthentication" time="1.627"/>
  <testcase classname="api.test.Authentication" name="testPreemptiveAuthentication" time="1.607"/>
  <testcase classname="api.test.Authentication" name="testBasicAuthenticationInvalid" time="0.428"/>
</testsuite> <!-- api.test.Authentication -->
