<?xml version="1.0" encoding="UTF-8"?>
<!-- Generated by org.testng.reporters.JUnitReportReporter -->
<testsuite hostname="Dimple-laptop" failures="0" tests="1" name="api.test.jsonSchemaValidation" time="2.501" errors="0" timestamp="2024-05-23T13:38:58 GMT-04:00" skipped="0">
  <testcase classname="api.test.jsonSchemaValidation" name="jsonSchemavalidation" time="2.501"/>
</testsuite> <!-- api.test.jsonSchemaValidation -->
