<?xml version="1.0" encoding="UTF-8"?>
<!-- Generated by org.testng.reporters.JUnitReportReporter -->
<testsuite hostname="Dimple-laptop" failures="0" tests="3" name="api.test.userUpdateInvalidTest" time="9.058" errors="0" timestamp="2024-05-28T11:21:35 GMT-04:00" skipped="0">
  <testcase classname="api.test.userUpdateInvalidTest" name="testUsingUserObject" time="0.562"/>
  <testcase classname="api.test.userUpdateInvalidTest" name="testPutRequests" time="7.989"/>
  <testcase classname="api.test.userUpdateInvalidTest" name="testDeleteUserByIDObject" time="0.507"/>
</testsuite> <!-- api.test.userUpdateInvalidTest -->
