<?xml version="1.0" encoding="UTF-8"?>
<!-- Generated by org.testng.reporters.JUnitReportReporter -->
<testsuite hostname="Dimple-laptop" failures="0" tests="5" name="api.test.getInvalidTest" time="2.138" errors="0" timestamp="2024-05-23T13:38:58 GMT-04:00" skipped="0">
  <testcase classname="api.test.getInvalidTest" name="testGetUserWithoneInvalidId" time="0.433"/>
  <testcase classname="api.test.getInvalidTest" name="testGetUserWithInvalidIdAlphaNum" time="0.449"/>
  <testcase classname="api.test.getInvalidTest" name="testGetUserWithInvalidIdAlphaNum" time="0.421"/>
  <testcase classname="api.test.getInvalidTest" name="testGetUserWithInvalidId" time="0.411"/>
  <testcase classname="api.test.getInvalidTest" name="testGetUserWithInvalidId" time="0.424"/>
</testsuite> <!-- api.test.getInvalidTest -->
