<?xml version="1.0" encoding="UTF-8"?>
<!-- Generated by org.testng.reporters.JUnitReportReporter -->
<testsuite hostname="Dimple-laptop" failures="0" tests="5" name="api.test.UserTests" time="4.855" errors="0" timestamp="2024-05-22T14:07:42 GMT-04:00" skipped="0">
  <testcase classname="api.test.UserTests" name="testCreateUserObject" time="2.991"/>
  <testcase classname="api.test.UserTests" name="testGetById" time="0.490"/>
  <testcase classname="api.test.UserTests" name="testGetUserByUserName" time="0.427"/>
  <testcase classname="api.test.UserTests" name="testUpdateUserObject" time="0.526"/>
  <testcase classname="api.test.UserTests" name="testDeleteUserByIDObject" time="0.421"/>
</testsuite> <!-- api.test.UserTests -->
