<?xml version="1.0" encoding="UTF-8"?>
<!-- Generated by org.testng.reporters.JUnitReportReporter -->
<testsuite hostname="Dimple-laptop" failures="0" tests="5" name="api.test.getInvalidTest" time="2.123" errors="0" timestamp="2024-05-28T11:21:35 GMT-04:00" skipped="0">
  <testcase classname="api.test.getInvalidTest" name="testGetUserWithInvalidId" time="0.430"/>
  <testcase classname="api.test.getInvalidTest" name="testGetUserWithInvalidIdAlphaNum" time="0.432"/>
  <testcase classname="api.test.getInvalidTest" name="testGetUserWithInvalidId" time="0.431"/>
  <testcase classname="api.test.getInvalidTest" name="testGetUserWithoneInvalidId" time="0.410"/>
  <testcase classname="api.test.getInvalidTest" name="testGetUserWithInvalidIdAlphaNum" time="0.420"/>
</testsuite> <!-- api.test.getInvalidTest -->
