<?xml version="1.0" encoding="UTF-8"?>
<!-- Generated by org.testng.reporters.JUnitReportReporter -->
<testsuite hostname="Dimple-laptop" failures="0" tests="4" name="api.test.Authentication" time="6.187" errors="0" timestamp="2024-05-28T11:31:17 GMT-04:00" skipped="0">
  <testcase classname="api.test.Authentication" name="testBasicAuthentication" time="2.030"/>
  <testcase classname="api.test.Authentication" name="testDigestAuthentication" time="2.031"/>
  <testcase classname="api.test.Authentication" name="testPreemptiveAuthentication" time="1.705"/>
  <testcase classname="api.test.Authentication" name="testBasicAuthenticationInvalid" time="0.421"/>
</testsuite> <!-- api.test.Authentication -->
