<?xml version="1.0" encoding="UTF-8"?>
<!-- Generated by org.testng.reporters.JUnitReportReporter -->
<testsuite hostname="Dimple-laptop" failures="0" tests="3" name="api.test.userUpdateInvalidTest" time="9.133" errors="0" timestamp="2024-05-23T13:38:58 GMT-04:00" skipped="0">
  <testcase classname="api.test.userUpdateInvalidTest" name="testUsingUserObject" time="0.488"/>
  <testcase classname="api.test.userUpdateInvalidTest" name="testPutRequests" time="8.257"/>
  <testcase classname="api.test.userUpdateInvalidTest" name="testDeleteUserByIDObject" time="0.388"/>
</testsuite> <!-- api.test.userUpdateInvalidTest -->
