<?xml version="1.0" encoding="UTF-8"?>
<!-- Generated by org.testng.reporters.JUnitReportReporter -->
<testsuite hostname="Dimple-laptop" failures="0" tests="4" name="api.test.deleteInvalidTest" time="1.769" errors="0" timestamp="2024-05-28T11:31:17 GMT-04:00" skipped="0">
  <testcase classname="api.test.deleteInvalidTest" name="testGetUserWithInvalidIdAlphaNum" time="0.470"/>
  <testcase classname="api.test.deleteInvalidTest" name="testGetUserWithInvalidId" time="0.465"/>
  <testcase classname="api.test.deleteInvalidTest" name="testGetUserWithInvalidIdAlphaNum" time="0.414"/>
  <testcase classname="api.test.deleteInvalidTest" name="testGetUserWithInvalidId" time="0.420"/>
</testsuite> <!-- api.test.deleteInvalidTest -->
