<?xml version="1.0" encoding="UTF-8"?>
<!-- Generated by org.testng.reporters.JUnitReportReporter -->
<testsuite hostname="Dimple-laptop" failures="0" tests="4" name="api.test.Authentication" time="5.551" errors="0" timestamp="2024-05-23T13:38:58 GMT-04:00" skipped="0">
  <testcase classname="api.test.Authentication" name="testBasicAuthentication" time="1.839"/>
  <testcase classname="api.test.Authentication" name="testDigestAuthentication" time="1.730"/>
  <testcase classname="api.test.Authentication" name="testPreemptiveAuthentication" time="1.563"/>
  <testcase classname="api.test.Authentication" name="testBasicAuthenticationInvalid" time="0.419"/>
</testsuite> <!-- api.test.Authentication -->
