<?xml version="1.0" encoding="UTF-8"?>
<!-- Generated by org.testng.reporters.JUnitReportReporter -->
<testsuite hostname="Dimple-laptop" failures="0" tests="4" name="api.test.deleteInvalidTest" time="1.682" errors="0" timestamp="2024-05-28T11:21:35 GMT-04:00" skipped="0">
  <testcase classname="api.test.deleteInvalidTest" name="testGetUserWithInvalidId" time="0.390"/>
  <testcase classname="api.test.deleteInvalidTest" name="testGetUserWithInvalidIdAlphaNum" time="0.447"/>
  <testcase classname="api.test.deleteInvalidTest" name="testGetUserWithInvalidIdAlphaNum" time="0.440"/>
  <testcase classname="api.test.deleteInvalidTest" name="testGetUserWithInvalidId" time="0.405"/>
</testsuite> <!-- api.test.deleteInvalidTest -->
