<?xml version="1.0" encoding="UTF-8"?>
<!-- Generated by org.testng.reporters.JUnitReportReporter -->
<testsuite hostname="Dimple-laptop" failures="0" tests="5" name="api.test.UserTests2" time="5.489" errors="0" timestamp="2024-05-22T14:44:55 GMT-04:00" skipped="0">
  <testcase classname="api.test.UserTests2" name="testCreateUserObject" time="3.527"/>
  <testcase classname="api.test.UserTests2" name="testGetById" time="0.478"/>
  <testcase classname="api.test.UserTests2" name="testGetUserByUserName" time="0.420"/>
  <testcase classname="api.test.UserTests2" name="testUpdateUserObject" time="0.584"/>
  <testcase classname="api.test.UserTests2" name="testDeleteUserByIDObject" time="0.480"/>
</testsuite> <!-- api.test.UserTests2 -->
