<?xml version="1.0" encoding="UTF-8"?>
<!-- Generated by org.testng.reporters.JUnitReportReporter -->
<testsuite hostname="Dimple-laptop" failures="0" tests="4" name="api.test.deleteInvalidTest" time="1.754" errors="0" timestamp="2024-05-23T13:38:58 GMT-04:00" skipped="0">
  <testcase classname="api.test.deleteInvalidTest" name="testGetUserWithInvalidId" time="0.516"/>
  <testcase classname="api.test.deleteInvalidTest" name="testGetUserWithInvalidIdAlphaNum" time="0.408"/>
  <testcase classname="api.test.deleteInvalidTest" name="testGetUserWithInvalidIdAlphaNum" time="0.430"/>
  <testcase classname="api.test.deleteInvalidTest" name="testGetUserWithInvalidId" time="0.400"/>
</testsuite> <!-- api.test.deleteInvalidTest -->
