<?xml version="1.0" encoding="UTF-8"?>
<!-- Generated by org.testng.reporters.JUnitReportReporter -->
<testsuite hostname="Dimple-laptop" failures="0" tests="1" name="api.test.jsonSchemaValidation" time="5.780" errors="0" timestamp="2024-05-28T11:31:17 GMT-04:00" skipped="0">
  <testcase classname="api.test.jsonSchemaValidation" name="jsonSchemavalidation" time="5.780"/>
</testsuite> <!-- api.test.jsonSchemaValidation -->
