<?xml version="1.0" encoding="UTF-8"?>
<!-- Generated by org.testng.reporters.JUnitReportReporter -->
<testsuite hostname="Dimple-laptop" failures="0" tests="1" name="api.test.UserTests" time="3.238" errors="0" timestamp="2024-05-23T13:54:16 GMT-04:00" skipped="0">
  <testcase classname="api.test.UserTests" name="testPutRequests" time="3.238"/>
</testsuite> <!-- api.test.UserTests -->
