<?xml version="1.0" encoding="UTF-8"?>
<!-- Generated by org.testng.reporters.JUnitReportReporter -->
<testsuite hostname="Dimple-laptop" failures="0" tests="5" name="api.test.UserTests2" time="5.044" errors="0" timestamp="2024-05-22T14:57:48 GMT-04:00" skipped="0">
  <testcase classname="api.test.UserTests2" name="testCreateUserObject" time="3.130"/>
  <testcase classname="api.test.UserTests2" name="testGetById" time="0.496"/>
  <testcase classname="api.test.UserTests2" name="testGetUserByUserName" time="0.466"/>
  <testcase classname="api.test.UserTests2" name="testUpdateUserObject" time="0.536"/>
  <testcase classname="api.test.UserTests2" name="testDeleteUserByIDObject" time="0.416"/>
</testsuite> <!-- api.test.UserTests2 -->
