<?xml version="1.0" encoding="UTF-8"?>
<!-- Generated by org.testng.reporters.JUnitReportReporter -->
<testsuite hostname="Dimple-laptop" failures="0" tests="4" name="api.test.Authentication" time="4.676" errors="0" timestamp="2024-05-24T09:56:38 GMT-04:00" skipped="0">
  <testcase classname="api.test.Authentication" name="testBasicAuthentication" time="1.530"/>
  <testcase classname="api.test.Authentication" name="testDigestAuthentication" time="1.365"/>
  <testcase classname="api.test.Authentication" name="testPreemptiveAuthentication" time="1.352"/>
  <testcase classname="api.test.Authentication" name="testBasicAuthenticationInvalid" time="0.429"/>
</testsuite> <!-- api.test.Authentication -->
