<?xml version="1.0" encoding="UTF-8"?>
<!-- Generated by org.testng.reporters.JUnitReportReporter -->
<testsuite hostname="Dimple-laptop" failures="0" tests="5" name="api.test.getInvalidTest" time="2.076" errors="0" timestamp="2024-05-22T22:15:10 GMT-04:00" skipped="0">
  <testcase classname="api.test.getInvalidTest" name="testGetUserWithoneInvalidId" time="0.400"/>
  <testcase classname="api.test.getInvalidTest" name="testGetUserWithInvalidId" time="0.433"/>
  <testcase classname="api.test.getInvalidTest" name="testGetUserWithInvalidId" time="0.428"/>
  <testcase classname="api.test.getInvalidTest" name="testGetUserWithInvalidIdAlphaNum" time="0.415"/>
  <testcase classname="api.test.getInvalidTest" name="testGetUserWithInvalidIdAlphaNum" time="0.400"/>
</testsuite> <!-- api.test.getInvalidTest -->
