<?xml version="1.0" encoding="UTF-8"?>
<!-- Generated by org.testng.reporters.JUnitReportReporter -->
<testsuite hostname="Dimple-laptop" failures="0" tests="5" name="api.test.UserTests2" time="3.404" errors="0" timestamp="2024-05-24T09:56:38 GMT-04:00" skipped="0">
  <testcase classname="api.test.UserTests2" name="testCreateUserObject" time="1.573"/>
  <testcase classname="api.test.UserTests2" name="testGetById" time="0.431"/>
  <testcase classname="api.test.UserTests2" name="testGetUserByUserName" time="0.453"/>
  <testcase classname="api.test.UserTests2" name="testUpdateUserObject" time="0.530"/>
  <testcase classname="api.test.UserTests2" name="testDeleteUserByIDObject" time="0.417"/>
</testsuite> <!-- api.test.UserTests2 -->
