<?xml version="1.0" encoding="UTF-8"?>
<!-- Generated by org.testng.reporters.JUnitReportReporter -->
<testsuite hostname="Dimple-laptop" failures="0" tests="3" name="api.test.userUpdateInvalidTest" time="8.995" errors="0" timestamp="2024-05-22T22:15:10 GMT-04:00" skipped="0">
  <testcase classname="api.test.userUpdateInvalidTest" name="testUsingUserObject" time="0.612"/>
  <testcase classname="api.test.userUpdateInvalidTest" name="testPutRequests" time="7.952"/>
  <testcase classname="api.test.userUpdateInvalidTest" name="testDeleteUserByIDObject" time="0.431"/>
</testsuite> <!-- api.test.userUpdateInvalidTest -->
