<?xml version="1.0" encoding="UTF-8"?>
<!-- Generated by org.testng.reporters.JUnitReportReporter -->
<testsuite hostname="Dimple-laptop" failures="0" tests="5" name="api.test.getInvalidTest" time="2.110" errors="0" timestamp="2024-05-24T09:56:38 GMT-04:00" skipped="0">
  <testcase classname="api.test.getInvalidTest" name="testGetUserWithoneInvalidId" time="0.412"/>
  <testcase classname="api.test.getInvalidTest" name="testGetUserWithInvalidIdAlphaNum" time="0.428"/>
  <testcase classname="api.test.getInvalidTest" name="testGetUserWithInvalidId" time="0.419"/>
  <testcase classname="api.test.getInvalidTest" name="testGetUserWithInvalidId" time="0.417"/>
  <testcase classname="api.test.getInvalidTest" name="testGetUserWithInvalidIdAlphaNum" time="0.434"/>
</testsuite> <!-- api.test.getInvalidTest -->
