<?xml version="1.0" encoding="UTF-8"?>
<!-- Generated by org.testng.reporters.JUnitReportReporter -->
<testsuite hostname="Dimple-laptop" failures="0" tests="5" name="api.test.UserTests2" time="3.844" errors="0" timestamp="2024-05-24T10:39:06 GMT-04:00" skipped="0">
  <testcase classname="api.test.UserTests2" name="testCreateUserObject" time="1.596"/>
  <testcase classname="api.test.UserTests2" name="testGetById" time="0.424"/>
  <testcase classname="api.test.UserTests2" name="testGetUserByUserName" time="0.516"/>
  <testcase classname="api.test.UserTests2" name="testUpdateUserObject" time="0.765"/>
  <testcase classname="api.test.UserTests2" name="testDeleteUserByIDObject" time="0.543"/>
</testsuite> <!-- api.test.UserTests2 -->
