<?xml version="1.0" encoding="UTF-8"?>
<!-- Generated by org.testng.reporters.JUnitReportReporter -->
<testsuite hostname="Dimple-laptop" failures="0" tests="5" name="api.test.UserTests2" time="4.713" errors="0" timestamp="2024-05-22T22:15:10 GMT-04:00" skipped="0">
  <testcase classname="api.test.UserTests2" name="testCreateUserObject" time="2.897"/>
  <testcase classname="api.test.UserTests2" name="testGetById" time="0.451"/>
  <testcase classname="api.test.UserTests2" name="testGetUserByUserName" time="0.426"/>
  <testcase classname="api.test.UserTests2" name="testUpdateUserObject" time="0.512"/>
  <testcase classname="api.test.UserTests2" name="testDeleteUserByIDObject" time="0.427"/>
</testsuite> <!-- api.test.UserTests2 -->
