<?xml version="1.0" encoding="UTF-8"?>
<!-- Generated by org.testng.reporters.JUnitReportReporter -->
<testsuite hostname="Dimple-laptop" failures="0" tests="5" name="api.test.getInvalidTest" time="2.021" errors="0" timestamp="2024-05-24T10:39:06 GMT-04:00" skipped="0">
  <testcase classname="api.test.getInvalidTest" name="testGetUserWithInvalidIdAlphaNum" time="0.385"/>
  <testcase classname="api.test.getInvalidTest" name="testGetUserWithoneInvalidId" time="0.383"/>
  <testcase classname="api.test.getInvalidTest" name="testGetUserWithInvalidId" time="0.406"/>
  <testcase classname="api.test.getInvalidTest" name="testGetUserWithInvalidIdAlphaNum" time="0.441"/>
  <testcase classname="api.test.getInvalidTest" name="testGetUserWithInvalidId" time="0.406"/>
</testsuite> <!-- api.test.getInvalidTest -->
