<?xml version="1.0" encoding="UTF-8"?>
<!-- Generated by org.testng.reporters.JUnitReportReporter -->
<testsuite hostname="Dimple-laptop" failures="0" tests="1" name="api.test.userPOSTInvalidTest" time="8.084" errors="0" timestamp="2024-05-24T09:56:38 GMT-04:00" skipped="0">
  <testcase classname="api.test.userPOSTInvalidTest" name="testPOSTInvalidRequests" time="8.084"/>
</testsuite> <!-- api.test.userPOSTInvalidTest -->
