<?xml version="1.0" encoding="UTF-8"?>
<!-- Generated by org.testng.reporters.JUnitReportReporter -->
<testsuite hostname="Dimple-laptop" failures="0" tests="3" name="api.test.userUpdateInvalidTest" time="9.179" errors="0" timestamp="2024-05-24T10:39:06 GMT-04:00" skipped="0">
  <testcase classname="api.test.userUpdateInvalidTest" name="testPutRequests" time="8.169"/>
  <testcase classname="api.test.userUpdateInvalidTest" name="testUsingUserObject" time="0.581"/>
  <testcase classname="api.test.userUpdateInvalidTest" name="testDeleteUserByIDObject" time="0.429"/>
</testsuite> <!-- api.test.userUpdateInvalidTest -->
