<?xml version="1.0" encoding="UTF-8"?>
<!-- Generated by org.testng.reporters.JUnitReportReporter -->
<testsuite hostname="Dimple-laptop" failures="0" tests="1" name="api.test.userPOSTInvalidTest" time="9.114" errors="0" timestamp="2024-05-24T10:39:06 GMT-04:00" skipped="0">
  <testcase classname="api.test.userPOSTInvalidTest" name="testPOSTInvalidRequests" time="9.114"/>
</testsuite> <!-- api.test.userPOSTInvalidTest -->
