<?xml version="1.0" encoding="UTF-8"?>
<!-- Generated by org.testng.reporters.JUnitReportReporter -->
<testsuite hostname="Dimple-laptop" failures="0" tests="4" name="api.test.Authentication" time="5.122" errors="0" timestamp="2024-05-24T10:39:06 GMT-04:00" skipped="0">
  <testcase classname="api.test.Authentication" name="testBasicAuthentication" time="1.642"/>
  <testcase classname="api.test.Authentication" name="testDigestAuthentication" time="1.617"/>
  <testcase classname="api.test.Authentication" name="testPreemptiveAuthentication" time="1.454"/>
  <testcase classname="api.test.Authentication" name="testBasicAuthenticationInvalid" time="0.409"/>
</testsuite> <!-- api.test.Authentication -->
